<?xml version="1.0" encoding="UTF-8"?>
<testsuite xmlns:xsi="http://www.w3.org/2001/XMLSchema-instance" xsi:noNamespaceSchemaLocation="https://maven.apache.org/surefire/maven-surefire-plugin/xsd/surefire-test-report.xsd" name="geocoding.AddressResolverTest" time="0.362" tests="1" errors="0" skipped="0" failures="1">
  <properties>
    <property name="sun.desktop" value="gnome"/>
    <property name="awt.toolkit" value="sun.awt.X11.XToolkit"/>
    <property name="file.encoding.pkg" value="sun.io"/>
    <property name="java.specification.version" value="1.8"/>
    <property name="sun.cpu.isalist" value=""/>
    <property name="sun.jnu.encoding" value="UTF-8"/>
    <property name="java.class.path" value="/home/escaleira/Desktop/ano3/semestre2/TQS/aula2/ex2/target/test-classes:/home/escaleira/Desktop/ano3/semestre2/TQS/aula2/ex2/target/classes:/home/escaleira/.m2/repository/org/hamcrest/hamcrest-all/1.3/hamcrest-all-1.3.jar:/home/escaleira/.m2/repository/org/apache/httpcomponents/httpclient/4.5.10/httpclient-4.5.10.jar:/home/escaleira/.m2/repository/org/apache/httpcomponents/httpcore/4.4.12/httpcore-4.4.12.jar:/home/escaleira/.m2/repository/commons-logging/commons-logging/1.2/commons-logging-1.2.jar:/home/escaleira/.m2/repository/commons-codec/commons-codec/1.11/commons-codec-1.11.jar:/home/escaleira/.m2/repository/commons-lang/commons-lang/2.6/commons-lang-2.6.jar:/home/escaleira/.m2/repository/com/googlecode/json-simple/json-simple/1.1.1/json-simple-1.1.1.jar:/home/escaleira/.m2/repository/junit/junit/4.10/junit-4.10.jar:/home/escaleira/.m2/repository/org/junit/jupiter/junit-jupiter/5.6.0/junit-jupiter-5.6.0.jar:/home/escaleira/.m2/repository/org/junit/jupiter/junit-jupiter-api/5.6.0/junit-jupiter-api-5.6.0.jar:/home/escaleira/.m2/repository/org/apiguardian/apiguardian-api/1.1.0/apiguardian-api-1.1.0.jar:/home/escaleira/.m2/repository/org/opentest4j/opentest4j/1.2.0/opentest4j-1.2.0.jar:/home/escaleira/.m2/repository/org/junit/platform/junit-platform-commons/1.6.0/junit-platform-commons-1.6.0.jar:/home/escaleira/.m2/repository/org/junit/jupiter/junit-jupiter-params/5.6.0/junit-jupiter-params-5.6.0.jar:/home/escaleira/.m2/repository/org/junit/jupiter/junit-jupiter-engine/5.6.0/junit-jupiter-engine-5.6.0.jar:/home/escaleira/.m2/repository/org/junit/platform/junit-platform-engine/1.6.0/junit-platform-engine-1.6.0.jar:/home/escaleira/.m2/repository/org/mockito/mockito-core/2.28.2/mockito-core-2.28.2.jar:/home/escaleira/.m2/repository/net/bytebuddy/byte-buddy/1.9.10/byte-buddy-1.9.10.jar:/home/escaleira/.m2/repository/net/bytebuddy/byte-buddy-agent/1.9.10/byte-buddy-agent-1.9.10.jar:/home/escaleira/.m2/repository/org/objenesis/objenesis/2.6/objenesis-2.6.jar:/home/escaleira/.m2/repository/org/mockito/mockito-junit-jupiter/2.28.2/mockito-junit-jupiter-2.28.2.jar:"/>
    <property name="java.vm.vendor" value="Oracle Corporation"/>
    <property name="sun.arch.data.model" value="64"/>
    <property name="java.vendor.url" value="http://java.oracle.com/"/>
    <property name="user.timezone" value=""/>
    <property name="java.vm.specification.version" value="1.8"/>
    <property name="os.name" value="Linux"/>
    <property name="user.country" value="US"/>
    <property name="sun.java.launcher" value="SUN_STANDARD"/>
    <property name="sun.boot.library.path" value="/usr/lib/jvm/java-8-openjdk/jre/lib/amd64"/>
    <property name="sun.java.command" value="/home/escaleira/Desktop/ano3/semestre2/TQS/aula2/ex2/target/surefire/surefirebooter6033877894649708069.jar /home/escaleira/Desktop/ano3/semestre2/TQS/aula2/ex2/target/surefire 2020-02-22T01-11-21_742-jvmRun1 surefire565212007766131117tmp surefire_05926971642027687960tmp"/>
    <property name="surefire.test.class.path" value="/home/escaleira/Desktop/ano3/semestre2/TQS/aula2/ex2/target/test-classes:/home/escaleira/Desktop/ano3/semestre2/TQS/aula2/ex2/target/classes:/home/escaleira/.m2/repository/org/hamcrest/hamcrest-all/1.3/hamcrest-all-1.3.jar:/home/escaleira/.m2/repository/org/apache/httpcomponents/httpclient/4.5.10/httpclient-4.5.10.jar:/home/escaleira/.m2/repository/org/apache/httpcomponents/httpcore/4.4.12/httpcore-4.4.12.jar:/home/escaleira/.m2/repository/commons-logging/commons-logging/1.2/commons-logging-1.2.jar:/home/escaleira/.m2/repository/commons-codec/commons-codec/1.11/commons-codec-1.11.jar:/home/escaleira/.m2/repository/commons-lang/commons-lang/2.6/commons-lang-2.6.jar:/home/escaleira/.m2/repository/com/googlecode/json-simple/json-simple/1.1.1/json-simple-1.1.1.jar:/home/escaleira/.m2/repository/junit/junit/4.10/junit-4.10.jar:/home/escaleira/.m2/repository/org/junit/jupiter/junit-jupiter/5.6.0/junit-jupiter-5.6.0.jar:/home/escaleira/.m2/repository/org/junit/jupiter/junit-jupiter-api/5.6.0/junit-jupiter-api-5.6.0.jar:/home/escaleira/.m2/repository/org/apiguardian/apiguardian-api/1.1.0/apiguardian-api-1.1.0.jar:/home/escaleira/.m2/repository/org/opentest4j/opentest4j/1.2.0/opentest4j-1.2.0.jar:/home/escaleira/.m2/repository/org/junit/platform/junit-platform-commons/1.6.0/junit-platform-commons-1.6.0.jar:/home/escaleira/.m2/repository/org/junit/jupiter/junit-jupiter-params/5.6.0/junit-jupiter-params-5.6.0.jar:/home/escaleira/.m2/repository/org/junit/jupiter/junit-jupiter-engine/5.6.0/junit-jupiter-engine-5.6.0.jar:/home/escaleira/.m2/repository/org/junit/platform/junit-platform-engine/1.6.0/junit-platform-engine-1.6.0.jar:/home/escaleira/.m2/repository/org/mockito/mockito-core/2.28.2/mockito-core-2.28.2.jar:/home/escaleira/.m2/repository/net/bytebuddy/byte-buddy/1.9.10/byte-buddy-1.9.10.jar:/home/escaleira/.m2/repository/net/bytebuddy/byte-buddy-agent/1.9.10/byte-buddy-agent-1.9.10.jar:/home/escaleira/.m2/repository/org/objenesis/objenesis/2.6/objenesis-2.6.jar:/home/escaleira/.m2/repository/org/mockito/mockito-junit-jupiter/2.28.2/mockito-junit-jupiter-2.28.2.jar:"/>
    <property name="sun.cpu.endian" value="little"/>
    <property name="user.home" value="/home/escaleira"/>
    <property name="user.language" value="en"/>
    <property name="java.specification.vendor" value="Oracle Corporation"/>
    <property name="java.home" value="/usr/lib/jvm/java-8-openjdk/jre"/>
    <property name="basedir" value="/home/escaleira/Desktop/ano3/semestre2/TQS/aula2/ex2"/>
    <property name="file.separator" value="/"/>
    <property name="line.separator" value="&#10;"/>
    <property name="java.vm.specification.vendor" value="Oracle Corporation"/>
    <property name="java.specification.name" value="Java Platform API Specification"/>
    <property name="java.awt.graphicsenv" value="sun.awt.X11GraphicsEnvironment"/>
    <property name="surefire.real.class.path" value="/home/escaleira/Desktop/ano3/semestre2/TQS/aula2/ex2/target/surefire/surefirebooter6033877894649708069.jar"/>
    <property name="sun.boot.class.path" value="/usr/lib/jvm/java-8-openjdk/jre/lib/resources.jar:/usr/lib/jvm/java-8-openjdk/jre/lib/rt.jar:/usr/lib/jvm/java-8-openjdk/jre/lib/sunrsasign.jar:/usr/lib/jvm/java-8-openjdk/jre/lib/jsse.jar:/usr/lib/jvm/java-8-openjdk/jre/lib/jce.jar:/usr/lib/jvm/java-8-openjdk/jre/lib/charsets.jar:/usr/lib/jvm/java-8-openjdk/jre/lib/jfr.jar:/usr/lib/jvm/java-8-openjdk/jre/classes"/>
    <property name="sun.management.compiler" value="HotSpot 64-Bit Tiered Compilers"/>
    <property name="java.runtime.version" value="1.8.0_242-b08"/>
    <property name="user.name" value="escaleira"/>
    <property name="path.separator" value=":"/>
    <property name="os.version" value="5.5.2-1-MANJARO"/>
    <property name="java.endorsed.dirs" value="/usr/lib/jvm/java-8-openjdk/jre/lib/endorsed"/>
    <property name="java.runtime.name" value="OpenJDK Runtime Environment"/>
    <property name="file.encoding" value="UTF-8"/>
    <property name="java.vm.name" value="OpenJDK 64-Bit Server VM"/>
    <property name="localRepository" value="/home/escaleira/.m2/repository"/>
    <property name="java.vendor.url.bug" value="http://bugreport.sun.com/bugreport/"/>
    <property name="java.io.tmpdir" value="/tmp"/>
    <property name="java.version" value="1.8.0_242"/>
    <property name="user.dir" value="/home/escaleira/Desktop/ano3/semestre2/TQS/aula2/ex2"/>
    <property name="os.arch" value="amd64"/>
    <property name="java.vm.specification.name" value="Java Virtual Machine Specification"/>
    <property name="java.awt.printerjob" value="sun.print.PSPrinterJob"/>
    <property name="sun.os.patch.level" value="unknown"/>
    <property name="java.library.path" value="/usr/java/packages/lib/amd64:/usr/lib64:/lib64:/lib:/usr/lib"/>
    <property name="java.vm.info" value="mixed mode"/>
    <property name="java.vendor" value="Oracle Corporation"/>
    <property name="java.vm.version" value="25.242-b08"/>
    <property name="java.ext.dirs" value="/usr/lib/jvm/java-8-openjdk/jre/lib/ext:/usr/java/packages/lib/ext"/>
    <property name="sun.io.unicode.encoding" value="UnicodeLittle"/>
    <property name="java.class.version" value="52.0"/>
  </properties>
  <testcase name="testFindAddressForLocation" classname="geocoding.AddressResolverTest" time="0.358">
    <failure message="&#10;Expected: is &lt;Address{houseNumber=&apos;null&apos;, road=&apos;Parque Estacionamento da Reitoria - Univerisdade de Aveiro&apos;, city=&apos;Gl贸ria e Vera Cruz&apos;, state=&apos;Centrso&apos;, zip=&apos;3810-193&apos;}&gt;&#10;     but: was &lt;Address{houseNumber=&apos;null&apos;, road=&apos;Parque Estacionamento da Reitoria - Univerisdade de Aveiro&apos;, city=&apos;Gl贸ria e Vera Cruz&apos;, state=&apos;Centro&apos;, zip=&apos;3810-193&apos;}&gt;" type="java.lang.AssertionError"><![CDATA[java.lang.AssertionError: 

Expected: is <Address{houseNumber='null', road='Parque Estacionamento da Reitoria - Univerisdade de Aveiro', city='Gl贸ria e Vera Cruz', state='Centrso', zip='3810-193'}>
     but: was <Address{houseNumber='null', road='Parque Estacionamento da Reitoria - Univerisdade de Aveiro', city='Gl贸ria e Vera Cruz', state='Centro', zip='3810-193'}>
	at geocoding.AddressResolverTest.testFindAddressForLocation(AddressResolverTest.java:69)
]]></failure>
  </testcase>
</testsuite>